<?xml version="1.0" encoding="UTF-8"?>
<!-- Generated by org.testng.reporters.JUnitReportReporter -->
<testsuite skipped="0" hostname="LAPTOP-A6RHJ6KB" name="Framework_Automation.Automation_Test.GoogleTest" tests="4" failures="0" timestamp="04 May 2018 06:27:47 GMT" time="27.528" errors="0">
  <testcase name="googleSearch" time="6.037" classname="Framework_Automation.Automation_Test.GoogleTest"/>
  <testcase name="logout" time="7.742" classname="Framework_Automation.Automation_Test.GoogleTest"/>
  <testcase name="googleLogoTest" time="5.941" classname="Framework_Automation.Automation_Test.GoogleTest"/>
  <testcase name="logIn" time="7.808" classname="Framework_Automation.Automation_Test.GoogleTest"/>
</testsuite> <!-- Framework_Automation.Automation_Test.GoogleTest -->
